Removed Pin From Net: NetName=ADDR2 Pin=U14-1
Removed Pin From Net: NetName=ADDR1 Pin=U14-2
Removed Pin From Net: NetName=ADDR0 Pin=U14-3
Removed Pin From Net: NetName=+5V Pin=U14-4
Removed Pin From Net: NetName=BAT1_CHRG* Pin=U14-9
Removed Pin From Net: NetName=BAT2_CHRG* Pin=U14-10
Removed Pin From Net: NetName=BAT3_CHRG* Pin=U14-11
Removed Pin From Net: NetName=BAT1_STDBY* Pin=U14-12
Removed Pin From Net: NetName=BAT2_STDBY* Pin=U14-13
Removed Pin From Net: NetName=BAT3_STDBY* Pin=U14-14
Removed Pin From Net: NetName=USB_PWR_DET Pin=U14-15
Removed Pin From Net: NetName=MOTOR_DRV_EN_I2C Pin=U14-16
Removed Pin From Net: NetName=GND Pin=U14-17
Removed Pin From Net: NetName=ESP32-I2C-SCL Pin=U14-19
Removed Pin From Net: NetName=ESP32-I2C-SDA Pin=U14-20
Removed Pin From Net: NetName=GND Pin=U14-21
Change Component Footprint: Designator=U14 Old Footprint=MCP23008 New Footprint=SOIC-SO18_N
Change Component Comment : Designator=U14 Old Comment=MCP23008T-E/ML New Comment=MCP23008-E/SO
Change Managed Component Library Link : Designator=U14 Old VaultGUID= New VaultGUID=B7D15EC3-160A-466F-A46C-7801FE6295A7 Old ItemGUID= New ItemGUID=37C08E7A-094B-4B53-AC37-93D6B0B32E2D Old RevisionGUID= New RevisionGUID=1A205711-5D94-412D-88CE-395C329BF39A
Change component parameters: Designator = "U14" ("U14"); Footprint = "MCP23008"; UniqueID = "\TASQGYRH" ("\TASQGYRH")
Change component parameters (AddParameter): Name = "Code_JEDEC"; Value = "MS-013"; VariantName = "[No Variations]"
Change component parameters (AddParameter): Name = "ComponentLink1Description"; Value = "Manufacturer URL"; VariantName = "[No Variations]"
Change component parameters (AddParameter): Name = "ComponentLink1URL"; Value = "http://www.microchip.com/"; VariantName = "[No Variations]"
Change component parameters (AddParameter): Name = "ComponentLink2Description"; Value = "Datasheet"; VariantName = "[No Variations]"
Change component parameters (AddParameter): Name = "ComponentLink2URL"; Value = "http://ww1.microchip.com/downloads/en/DeviceDoc/21919e.pdf"; VariantName = "[No Variations]"
Change component parameters (AddParameter): Name = "ComponentLink3Description"; Value = "Package Specification"; VariantName = "[No Variations]"
Change component parameters (AddParameter): Name = "ComponentLink3URL"; Value = "http://www.microchip.com/stellent/groups/techpub_sg/documents/packagingspec/en012702.pdf"; VariantName = "[No Variations]"
Change component parameters (AddParameter): Name = "DatasheetVersion"; Value = "revE, Aug-2007"; VariantName = "[No Variations]"
Change component parameters (AddParameter): Name = "PackageDescription"; Value = "18-Lead Plastic Small Outline (SO) - Wide 7.50mm Body [SOIC]"; VariantName = "[No Variations]"
Change component parameters (AddParameter): Name = "PackageReference"; Value = "SOIC-SO18"; VariantName = "[No Variations]"
Change component parameters (AddParameter): Name = "PackageVersion"; Value = "revBB, Aug-2009"; VariantName = "[No Variations]"
Change component parameters (AddParameter): Name = "RevisionNote"; Value = "URLs added."; VariantName = "[No Variations]"
Added Pin To Net: NetName=ESP32-I2C-SCL Pin=U14-1
Added Pin To Net: NetName=ESP32-I2C-SDA Pin=U14-2
Added Pin To Net: NetName=ADDR2 Pin=U14-3
Added Pin To Net: NetName=ADDR1 Pin=U14-4
Added Pin To Net: NetName=ADDR0 Pin=U14-5
Added Pin To Net: NetName=+5V Pin=U14-6
Added Pin To Net: NetName=GND Pin=U14-9
Added Pin To Net: NetName=BAT1_CHRG* Pin=U14-10
Added Pin To Net: NetName=BAT2_CHRG* Pin=U14-11
Added Pin To Net: NetName=BAT3_CHRG* Pin=U14-12
Added Pin To Net: NetName=BAT1_STDBY* Pin=U14-13
Added Pin To Net: NetName=BAT2_STDBY* Pin=U14-14
Added Pin To Net: NetName=BAT3_STDBY* Pin=U14-15
Added Pin To Net: NetName=USB_PWR_DET Pin=U14-16
Added Pin To Net: NetName=MOTOR_DRV_EN_I2C Pin=U14-17
