Removed Pin From Net: NetName=GND Pin=Rasen1-1
Removed Pin From Net: NetName=GND Pin=Rasen2-1
Removed Pin From Net: NetName=GND Pin=Rasen3-1
Removed Pin From Net: NetName=GND Pin=Rasen4-1
Removed Pin From Net: NetName=GND Pin=Rbsen1-1
Removed Pin From Net: NetName=GND Pin=Rbsen2-1
Removed Pin From Net: NetName=GND Pin=Rbsen3-1
Removed Pin From Net: NetName=GND Pin=Rbsen4-1
Removed Member From Class: ClassName=DRV8833 Member=Rasen1
Removed Member From Class: ClassName=DRV8833 Member=Rasen2
Removed Member From Class: ClassName=DRV8833 Member=Rasen3
Removed Member From Class: ClassName=DRV8833 Member=Rasen4
Removed Member From Class: ClassName=DRV8833 Member=Rbsen1
Removed Member From Class: ClassName=DRV8833 Member=Rbsen2
Removed Member From Class: ClassName=DRV8833 Member=Rbsen3
Removed Member From Class: ClassName=DRV8833 Member=Rbsen4
Added Pin To Net: NetName=GND Pin=U3-3
Added Pin To Net: NetName=GND Pin=U3-6
Added Pin To Net: NetName=GND Pin=U4-3
Added Pin To Net: NetName=GND Pin=U4-6
Added Pin To Net: NetName=GND Pin=U5-3
Added Pin To Net: NetName=GND Pin=U5-6
Added Pin To Net: NetName=GND Pin=U6-3
Added Pin To Net: NetName=GND Pin=U6-6
Added Member To Class: ClassName=CHARGING Member=Component C? 4.7uF 16V 0805
