Removed Pin From Net: NetName=ESP32-I2C-SCL Pin=U14-1
Removed Pin From Net: NetName=ESP32-I2C-SDA Pin=U14-2
Removed Pin From Net: NetName=ADDR2 Pin=U14-3
Removed Pin From Net: NetName=ADDR1 Pin=U14-4
Removed Pin From Net: NetName=ADDR0 Pin=U14-5
Removed Pin From Net: NetName=+5V Pin=U14-6
Removed Pin From Net: NetName=GND Pin=U14-9
Removed Pin From Net: NetName=BAT1_CHRG* Pin=U14-12
Removed Pin From Net: NetName=BAT2_CHRG* Pin=U14-13
Removed Pin From Net: NetName=BAT3_CHRG* Pin=U14-14
Removed Pin From Net: NetName=BAT1_STDBY* Pin=U14-15
Removed Pin From Net: NetName=BAT2_STDBY* Pin=U14-16
Removed Pin From Net: NetName=BAT3_STDBY* Pin=U14-17
Removed Pin From Net: NetName=USB_PWR_DET Pin=U14-18
Removed Pin From Net: NetName=MOTOR_DRV_EN_I2C Pin=U14-19
Removed Pin From Net: NetName=+5V Pin=U14-20
Change Component Footprint: Designator=U14 Old Footprint=SSOP-SS20_N New Footprint=QFN-ML20_M
Change Component Comment : Designator=U14 Old Comment=MCP23008-E/SS New Comment=MCP23008-E/ML
Change Managed Component Library Link : Designator=U14 Old VaultGUID=B7D15EC3-160A-466F-A46C-7801FE6295A7 New VaultGUID=B7D15EC3-160A-466F-A46C-7801FE6295A7 Old ItemGUID=15BDCFC6-D568-4AE8-86BB-1BBE22D492CE New ItemGUID=979ADC5E-D5C8-461E-B016-3CE1C84A9980 Old RevisionGUID=B1BECA55-EA24-49A8-B801-8D2D74B1F45C New RevisionGUID=C2EA7B6F-6F4E-4F8D-A153-72B799BE83C7
Change component parameters: Designator = "U14" ("U14"); Footprint = "SSOP-SS20_N"; UniqueID = "\KEPYYUIP" ("\KEPYYUIP")
Change component parameters (AddParameter): Name = "ComponentLink1Description"; Value = "Manufacturer URL"; VariantName = "[No Variations]"
Change component parameters (AddParameter): Name = "ComponentLink1URL"; Value = "http://www.microchip.com/"; VariantName = "[No Variations]"
Change component parameters (AddParameter): Name = "ComponentLink2Description"; Value = "Datasheet"; VariantName = "[No Variations]"
Change component parameters (AddParameter): Name = "ComponentLink2URL"; Value = "http://ww1.microchip.com/downloads/en/DeviceDoc/21919e.pdf"; VariantName = "[No Variations]"
Change component parameters (AddParameter): Name = "ComponentLink3Description"; Value = "Package Specification"; VariantName = "[No Variations]"
Change component parameters (AddParameter): Name = "ComponentLink3URL"; Value = "http://www.microchip.com/stellent/groups/techpub_sg/documents/packagingspec/en012702.pdf"; VariantName = "[No Variations]"
Change component parameters (AddParameter): Name = "DatasheetVersion"; Value = "revE, Aug-2007"; VariantName = "[No Variations]"
Change component parameters (AddParameter): Name = "PackageDescription"; Value = "20-Lead Plastic Quad Flat, No Lead Package (ML) - 4x4x0.9 mm Body [QFN]"; VariantName = "[No Variations]"
Change component parameters (AddParameter): Name = "PackageReference"; Value = "QFN-ML20"; VariantName = "[No Variations]"
Change component parameters (AddParameter): Name = "PackageVersion"; Value = "revBB, Aug-2009"; VariantName = "[No Variations]"
Change component parameters (AddParameter): Name = "RevisionNote"; Value = "URLs added."; VariantName = "[No Variations]"
Added Pin To Net: NetName=ADDR2 Pin=U14-1
Added Pin To Net: NetName=ADDR1 Pin=U14-2
Added Pin To Net: NetName=ADDR0 Pin=U14-3
Added Pin To Net: NetName=+5V Pin=U14-4
Added Pin To Net: NetName=BAT1_CHRG* Pin=U14-9
Added Pin To Net: NetName=BAT2_CHRG* Pin=U14-10
Added Pin To Net: NetName=BAT3_CHRG* Pin=U14-11
Added Pin To Net: NetName=BAT1_STDBY* Pin=U14-12
Added Pin To Net: NetName=BAT2_STDBY* Pin=U14-13
Added Pin To Net: NetName=BAT3_STDBY* Pin=U14-14
Added Pin To Net: NetName=USB_PWR_DET Pin=U14-15
Added Pin To Net: NetName=MOTOR_DRV_EN_I2C Pin=U14-16
Added Pin To Net: NetName=GND Pin=U14-17
Added Pin To Net: NetName=+5V Pin=U14-18
Added Pin To Net: NetName=ESP32-I2C-SCL Pin=U14-19
Added Pin To Net: NetName=ESP32-I2C-SDA Pin=U14-20
Added Pin To Net: NetName=GND Pin=U14-21
Added Member To Class: ClassName=CHARGING Member=Component BAT2 B2B-PH-SM4-TB(LF)(SN)
