Removed Pin From Net: NetName=+5V Pin=C20-1
Removed Pin From Net: NetName=GND Pin=C20-2
Removed Pin From Net: NetName=GND Pin=R18-2
Removed Pin From Net: NetName=SERVO1_PWM Pin=R19-2
Removed Pin From Net: NetName=SERVO2_PWM Pin=R20-2
Removed Pin From Net: NetName=+5V Pin=R21-2
Removed Pin From Net: NetName=+5V Pin=R22-2
Removed Pin From Net: NetName=+5V Pin=R23-2
Removed Pin From Net: NetName=+5V Pin=R24-2
Removed Pin From Net: NetName=+5V Pin=R25-2
Removed Pin From Net: NetName=+5V Pin=R26-2
Removed Pin From Net: NetName=GND Pin=RA1-1
Removed Pin From Net: NetName=GND Pin=RA1-2
Removed Pin From Net: NetName=GND Pin=RA1-3
Removed Pin From Net: NetName=GND Pin=RA1-4
Removed Pin From Net: NetName=GND Pin=RA2-1
Removed Pin From Net: NetName=GND Pin=RA2-2
Removed Pin From Net: NetName=ESP32-I2C-SCL Pin=RA2-3
Removed Pin From Net: NetName=ESP32-I2C-SDA Pin=RA2-4
Removed Pin From Net: NetName=+5V Pin=RA2-5
Removed Pin From Net: NetName=+5V Pin=RA2-6
Removed Pin From Net: NetName=GND Pin=U10-14
Removed Pin From Net: NetName=GND Pin=U10-25
Removed Pin From Net: NetName=ESP32-I2C-SCL Pin=U10-26
Removed Pin From Net: NetName=ESP32-I2C-SDA Pin=U10-27
Removed Pin From Net: NetName=+5V Pin=U10-28
