Removed Pin From Net: NetName=BAT_PACK_8V4 Pin=BAT_CONN?-2
Removed Pin From Net: NetName=BAT_PACK_4V2 Pin=BAT_CONN?-3
Removed Pin From Net: NetName=GND Pin=BAT_CONN?-4
Removed Pin From Net: NetName=GND Pin=BAT_CONN?-SHELL
Removed Pin From Net: NetName=GND Pin=BAT_CONN?-SHELL
Removed Member From Class: ClassName=CHARGING Member=*
Removed Member From Class: ClassName=CHARGING Member=BAT_CONN?
Added Component: Designator=BAT_BALANCE(JST-XH-4p)
Added Component: Designator=BAT_PWR(61300211021)
Add component (AddParameter): Name = "Contact Resistance"; Value = "20mOhm"; VariantName = "[No Variations]"
Add component (AddParameter): Name = "Datasheet URL"; Value = "https://katalog.we-online.de/em/datasheet/6130xx11021.pdf"; VariantName = "[No Variations]"
Add component (AddParameter): Name = "Gender"; Value = "Male"; VariantName = "[No Variations]"
Add component (AddParameter): Name = "Manufacturer"; Value = "Wurth Elektronik"; VariantName = "[No Variations]"
Add component (AddParameter): Name = "Manufacturer URL"; Value = "http://www.we-online.de"; VariantName = "[No Variations]"
Add component (AddParameter): Name = "Mounting Technology"; Value = "THT"; VariantName = "[No Variations]"
Add component (AddParameter): Name = "Operating Temperature"; Value = "-40to105degC"; VariantName = "[No Variations]"
Add component (AddParameter): Name = "Orientation"; Value = "Angled"; VariantName = "[No Variations]"
Add component (AddParameter): Name = "Package Reference"; Value = "61300211021"; VariantName = "[No Variations]"
Add component (AddParameter): Name = "Packaging"; Value = "Bag"; VariantName = "[No Variations]"
Add component (AddParameter): Name = "Part Number"; Value = "61300211021"; VariantName = "[No Variations]"
Add component (AddParameter): Name = "Pin Number"; Value = "2"; VariantName = "[No Variations]"
Add component (AddParameter): Name = "Pitch"; Value = "2.54mm"; VariantName = "[No Variations]"
Add component (AddParameter): Name = "Publisher"; Value = "WurthElektronik"; VariantName = "[No Variations]"
Add component (AddParameter): Name = "Rated Current"; Value = "3A"; VariantName = "[No Variations]"
Add component (AddParameter): Name = "Row Number"; Value = "Single"; VariantName = "[No Variations]"
Add component (AddParameter): Name = "Withstanding Voltage"; Value = "500VAC"; VariantName = "[No Variations]"
Add component (AddParameter): Name = "Working Voltage"; Value = "250VAC"; VariantName = "[No Variations]"
Added Pin To Net: NetName=BAT_PACK_12V6 Pin=BAT_BALANCE-1
Added Pin To Net: NetName=BAT_PACK_8V4 Pin=BAT_BALANCE-2
Added Pin To Net: NetName=BAT_PACK_4V2 Pin=BAT_BALANCE-3
Added Pin To Net: NetName=GND Pin=BAT_BALANCE-4
Add Pin To Net: Unknown Pin: Pin BAT_BALANCE-SHELL
Added Pin To Net: NetName=BAT_PACK_12V6 Pin=BAT_PWR-1
Added Pin To Net: NetName=GND Pin=BAT_PWR-2
Added Member To Class: ClassName=CHARGING Member=Component BAT_BALANCE JST-XH-4p
Added Member To Class: ClassName=CHARGING Member=Component BAT_PWR 61300211021
