Removed Member From Class: ClassName=CHARGING Member=C21
Removed Member From Class: ClassName=CHARGING Member=C22
Removed Member From Class: ClassName=CHARGING Member=C23
Removed Member From Class: ClassName=CHARGING Member=C24
Removed Member From Class: ClassName=CHARGING Member=U11
Removed Member From Class: ClassName=CHARGING Member=U12
Change Component Footprint: Designator=C28 Old Footprint=CAPC2013X140X50LL20T25 New Footprint=FP-C0805C-DN-MFG
Change Component Footprint: Designator=C? Old Footprint=CAPC2013X140X50LL20T25 New Footprint=FP-C0805C-DN-MFG
Change Component Footprint: Designator=C? Old Footprint=CAPC2013X140X50LL20T25 New Footprint=FP-C0805C-DN-MFG
Change Component Footprint: Designator=Q4 Old Footprint=FS8205A New Footprint=AO-SOT-23-3L_V
Change Component Footprint: Designator=Q3 Old Footprint=FS8205A New Footprint=FS8205
Change Component Footprint: Designator=Q5 Old Footprint=FS8205A New Footprint=FS8205
Change Component Comment : Designator=C28 Old Comment=4.7uF 16V 0805 New Comment=100nF 16V 0805
Change Component Comment : Designator=C? Old Comment=4.7uF 16V 0805 New Comment=100nF 16V 0805
Change Component Comment : Designator=C? Old Comment=4.7uF 16V 0805 New Comment=100nF 16V 0805
Change Component Comment : Designator=Q4 Old Comment=FS8205 New Comment=AO3401A
Change Managed Component Library Link : Designator=C28 Old VaultGUID=B7D15EC3-160A-466F-A46C-7801FE6295A7 New VaultGUID=B7D15EC3-160A-466F-A46C-7801FE6295A7 Old ItemGUID=4D782BD5-97E0-4FA6-9282-4209005F2D1E New ItemGUID=5B2A7AF2-76F1-43D2-B665-187A6E0D9673 Old RevisionGUID=B49D914E-96BC-4C1C-A6CE-1D23E522954B New RevisionGUID=D4EED4C9-6765-45E3-92CC-A1CDB802A28C
Change Managed Component Library Link : Designator=C? Old VaultGUID=B7D15EC3-160A-466F-A46C-7801FE6295A7 New VaultGUID=B7D15EC3-160A-466F-A46C-7801FE6295A7 Old ItemGUID=4D782BD5-97E0-4FA6-9282-4209005F2D1E New ItemGUID=5B2A7AF2-76F1-43D2-B665-187A6E0D9673 Old RevisionGUID=B49D914E-96BC-4C1C-A6CE-1D23E522954B New RevisionGUID=D4EED4C9-6765-45E3-92CC-A1CDB802A28C
Change Managed Component Library Link : Designator=C? Old VaultGUID=B7D15EC3-160A-466F-A46C-7801FE6295A7 New VaultGUID=B7D15EC3-160A-466F-A46C-7801FE6295A7 Old ItemGUID=4D782BD5-97E0-4FA6-9282-4209005F2D1E New ItemGUID=5B2A7AF2-76F1-43D2-B665-187A6E0D9673 Old RevisionGUID=B49D914E-96BC-4C1C-A6CE-1D23E522954B New RevisionGUID=D4EED4C9-6765-45E3-92CC-A1CDB802A28C
Change Managed Component Library Link : Designator=Q4 Old VaultGUID= New VaultGUID=B7D15EC3-160A-466F-A46C-7801FE6295A7 Old ItemGUID= New ItemGUID=E4880C0C-78B9-4EF8-9661-D64A35F7776E Old RevisionGUID= New RevisionGUID=568CE6B9-0C9D-4FD1-885A-56DDBCD703A6
Change component parameters: Designator = "C28" ("C28"); Footprint = "CAPC2013X140X50LL20T25"; UniqueID = "\QZOZUGSI" ("\QZOZUGSI")
Change component parameters (AddParameter): Name = "Automotive"; Value = "No"; VariantName = "[No Variations]"
Change component parameters (AddParameter): Name = "Capacitance"; Value = "0.10 µF"; VariantName = "[No Variations]"
Change component parameters (AddParameter): Name = "Category"; Value = "Cap"; VariantName = "[No Variations]"
Change component parameters (AddParameter): Name = "ComponentLink2Description"; Value = "Datasheet"; VariantName = "[No Variations]"
Change component parameters (AddParameter): Name = "ComponentLink2URL"; Value = "https://content.kemet.com/datasheets/KEM_C1003_C0G_SMD.pdf"; VariantName = "[No Variations]"
Change component parameters (AddParameter): Name = "Device Class L1"; Value = "Passive Components"; VariantName = "[No Variations]"
Change component parameters (AddParameter): Name = "Device Class L2"; Value = "Capacitors"; VariantName = "[No Variations]"
Change component parameters (AddParameter): Name = "Device Class L3"; Value = "Ceramic Capacitors"; VariantName = "[No Variations]"
Change component parameters (AddParameter): Name = "Digikey Description"; Value = "CAP CER 0.1UF 16V X7R 0805"; VariantName = "[No Variations]"
Change component parameters (AddParameter): Name = "Height"; Value = "0.88mm"; VariantName = "[No Variations]"
Change component parameters (AddParameter): Name = "Ipc Land Pattern Name"; Value = "CAPC200125X78"; VariantName = "[No Variations]"
Change component parameters (AddParameter): Name = "Lead Free"; Value = "Yes"; VariantName = "[No Variations]"
Change component parameters (AddParameter): Name = "Manufacturer"; Value = "KEMET"; VariantName = "[No Variations]"
Change component parameters (AddParameter): Name = "Manufacturer Part Number"; Value = "C0805C104J4RACTU"; VariantName = "[No Variations]"
Change component parameters (AddParameter): Name = "Material"; Value = "Ceramic"; VariantName = "[No Variations]"
Change component parameters (AddParameter): Name = "Mouser Description"; Value = "Multilayer Ceramic Capacitors MLCC - SMD/SMT 16volts 0.1uF X7R 5%"; VariantName = "[No Variations]"
Change component parameters (AddParameter): Name = "Octopart"; Value = "https://octopart.com/c0805c104j4ractu-kemet-12563748"; VariantName = "[No Variations]"
Change component parameters (AddParameter): Name = "Package"; Value = "C0805C-DN"; VariantName = "[No Variations]"
Change component parameters (AddParameter): Name = "RoHS"; Value = "TRUE"; VariantName = "[No Variations]"
Change component parameters (AddParameter): Name = "Temperature"; Value = "-55°C to +125°C"; VariantName = "[No Variations]"
Change component parameters (AddParameter): Name = "Temperature Characteristic"; Value = "X7R"; VariantName = "[No Variations]"
Change component parameters (AddParameter): Name = "Temperature Coefficient"; Value = "30ppm/°C"; VariantName = "[No Variations]"
Change component parameters (AddParameter): Name = "Temperature Range High"; Value = "+125°C"; VariantName = "[No Variations]"
Change component parameters (AddParameter): Name = "Temperature Range Low"; Value = "-55°C"; VariantName = "[No Variations]"
Change component parameters (AddParameter): Name = "Tolerance"; Value = "0.05"; VariantName = "[No Variations]"
Change component parameters (AddParameter): Name = "Value"; Value = "0.10 µF"; VariantName = "[No Variations]"
Change component parameters (AddParameter): Name = "Voltage Rating"; Value = "16 V"; VariantName = "[No Variations]"
Change component parameters: Designator = "C?" ("C?"); Footprint = "CAPC2013X140X50LL20T25"; UniqueID = "\ZEYNWGFK" ("\ZEYNWGFK")
Change component parameters (AddParameter): Name = "Automotive"; Value = "No"; VariantName = "[No Variations]"
Change component parameters (AddParameter): Name = "Capacitance"; Value = "0.10 µF"; VariantName = "[No Variations]"
Change component parameters (AddParameter): Name = "Category"; Value = "Cap"; VariantName = "[No Variations]"
Change component parameters (AddParameter): Name = "ComponentLink2Description"; Value = "Datasheet"; VariantName = "[No Variations]"
Change component parameters (AddParameter): Name = "ComponentLink2URL"; Value = "https://content.kemet.com/datasheets/KEM_C1003_C0G_SMD.pdf"; VariantName = "[No Variations]"
Change component parameters (AddParameter): Name = "Device Class L1"; Value = "Passive Components"; VariantName = "[No Variations]"
Change component parameters (AddParameter): Name = "Device Class L2"; Value = "Capacitors"; VariantName = "[No Variations]"
Change component parameters (AddParameter): Name = "Device Class L3"; Value = "Ceramic Capacitors"; VariantName = "[No Variations]"
Change component parameters (AddParameter): Name = "Digikey Description"; Value = "CAP CER 0.1UF 16V X7R 0805"; VariantName = "[No Variations]"
Change component parameters (AddParameter): Name = "Height"; Value = "0.88mm"; VariantName = "[No Variations]"
Change component parameters (AddParameter): Name = "Ipc Land Pattern Name"; Value = "CAPC200125X78"; VariantName = "[No Variations]"
Change component parameters (AddParameter): Name = "Lead Free"; Value = "Yes"; VariantName = "[No Variations]"
Change component parameters (AddParameter): Name = "Manufacturer"; Value = "KEMET"; VariantName = "[No Variations]"
Change component parameters (AddParameter): Name = "Manufacturer Part Number"; Value = "C0805C104J4RACTU"; VariantName = "[No Variations]"
Change component parameters (AddParameter): Name = "Material"; Value = "Ceramic"; VariantName = "[No Variations]"
Change component parameters (AddParameter): Name = "Mouser Description"; Value = "Multilayer Ceramic Capacitors MLCC - SMD/SMT 16volts 0.1uF X7R 5%"; VariantName = "[No Variations]"
Change component parameters (AddParameter): Name = "Octopart"; Value = "https://octopart.com/c0805c104j4ractu-kemet-12563748"; VariantName = "[No Variations]"
Change component parameters (AddParameter): Name = "Package"; Value = "C0805C-DN"; VariantName = "[No Variations]"
Change component parameters (AddParameter): Name = "RoHS"; Value = "TRUE"; VariantName = "[No Variations]"
Change component parameters (AddParameter): Name = "Temperature"; Value = "-55°C to +125°C"; VariantName = "[No Variations]"
Change component parameters (AddParameter): Name = "Temperature Characteristic"; Value = "X7R"; VariantName = "[No Variations]"
Change component parameters (AddParameter): Name = "Temperature Coefficient"; Value = "30ppm/°C"; VariantName = "[No Variations]"
Change component parameters (AddParameter): Name = "Temperature Range High"; Value = "+125°C"; VariantName = "[No Variations]"
Change component parameters (AddParameter): Name = "Temperature Range Low"; Value = "-55°C"; VariantName = "[No Variations]"
Change component parameters (AddParameter): Name = "Tolerance"; Value = "0.05"; VariantName = "[No Variations]"
Change component parameters (AddParameter): Name = "Value"; Value = "0.10 µF"; VariantName = "[No Variations]"
Change component parameters (AddParameter): Name = "Voltage Rating"; Value = "16 V"; VariantName = "[No Variations]"
Change component parameters: Designator = "C?" ("C?"); Footprint = "CAPC2013X140X50LL20T25"; UniqueID = "\LMVYPLDP" ("\LMVYPLDP")
Change component parameters (AddParameter): Name = "Automotive"; Value = "No"; VariantName = "[No Variations]"
Change component parameters (AddParameter): Name = "Capacitance"; Value = "0.10 µF"; VariantName = "[No Variations]"
Change component parameters (AddParameter): Name = "Category"; Value = "Cap"; VariantName = "[No Variations]"
Change component parameters (AddParameter): Name = "ComponentLink2Description"; Value = "Datasheet"; VariantName = "[No Variations]"
Change component parameters (AddParameter): Name = "ComponentLink2URL"; Value = "https://content.kemet.com/datasheets/KEM_C1003_C0G_SMD.pdf"; VariantName = "[No Variations]"
Change component parameters (AddParameter): Name = "Device Class L1"; Value = "Passive Components"; VariantName = "[No Variations]"
Change component parameters (AddParameter): Name = "Device Class L2"; Value = "Capacitors"; VariantName = "[No Variations]"
Change component parameters (AddParameter): Name = "Device Class L3"; Value = "Ceramic Capacitors"; VariantName = "[No Variations]"
Change component parameters (AddParameter): Name = "Digikey Description"; Value = "CAP CER 0.1UF 16V X7R 0805"; VariantName = "[No Variations]"
Change component parameters (AddParameter): Name = "Height"; Value = "0.88mm"; VariantName = "[No Variations]"
Change component parameters (AddParameter): Name = "Ipc Land Pattern Name"; Value = "CAPC200125X78"; VariantName = "[No Variations]"
Change component parameters (AddParameter): Name = "Lead Free"; Value = "Yes"; VariantName = "[No Variations]"
Change component parameters (AddParameter): Name = "Manufacturer"; Value = "KEMET"; VariantName = "[No Variations]"
Change component parameters (AddParameter): Name = "Manufacturer Part Number"; Value = "C0805C104J4RACTU"; VariantName = "[No Variations]"
Change component parameters (AddParameter): Name = "Material"; Value = "Ceramic"; VariantName = "[No Variations]"
Change component parameters (AddParameter): Name = "Mouser Description"; Value = "Multilayer Ceramic Capacitors MLCC - SMD/SMT 16volts 0.1uF X7R 5%"; VariantName = "[No Variations]"
Change component parameters (AddParameter): Name = "Octopart"; Value = "https://octopart.com/c0805c104j4ractu-kemet-12563748"; VariantName = "[No Variations]"
Change component parameters (AddParameter): Name = "Package"; Value = "C0805C-DN"; VariantName = "[No Variations]"
Change component parameters (AddParameter): Name = "RoHS"; Value = "TRUE"; VariantName = "[No Variations]"
Change component parameters (AddParameter): Name = "Temperature"; Value = "-55°C to +125°C"; VariantName = "[No Variations]"
Change component parameters (AddParameter): Name = "Temperature Characteristic"; Value = "X7R"; VariantName = "[No Variations]"
Change component parameters (AddParameter): Name = "Temperature Coefficient"; Value = "30ppm/°C"; VariantName = "[No Variations]"
Change component parameters (AddParameter): Name = "Temperature Range High"; Value = "+125°C"; VariantName = "[No Variations]"
Change component parameters (AddParameter): Name = "Temperature Range Low"; Value = "-55°C"; VariantName = "[No Variations]"
Change component parameters (AddParameter): Name = "Tolerance"; Value = "0.05"; VariantName = "[No Variations]"
Change component parameters (AddParameter): Name = "Value"; Value = "0.10 µF"; VariantName = "[No Variations]"
Change component parameters (AddParameter): Name = "Voltage Rating"; Value = "16 V"; VariantName = "[No Variations]"
Change component parameters: Designator = "Q4" ("Q4"); Footprint = "FS8205A"; UniqueID = "\FWXNXJCC" ("\FWXNXJCC")
Change component parameters (AddParameter): Name = "Channel Mode"; Value = "Enhancement"; VariantName = "[No Variations]"
Change component parameters (AddParameter): Name = "Continuous Drain Current"; Value = "4A"; VariantName = "[No Variations]"
Change component parameters (AddParameter): Name = "Datasheet URL"; Value = "http://www.aosmd.com/res/data_sheets/AO3401A.pdf"; VariantName = "[No Variations]"
Change component parameters (AddParameter): Name = "Datasheet Version"; Value = "Rev. 3, 03/2011"; VariantName = "[No Variations]"
Change component parameters (AddParameter): Name = "Drain Current (Max)"; Value = "4A"; VariantName = "[No Variations]"
Change component parameters (AddParameter): Name = "Drain Efficiency"; Value = "NotRequired%"; VariantName = "[No Variations]"
Change component parameters (AddParameter): Name = "Drain-Source On-Res"; Value = "0.044ohm"; VariantName = "[No Variations]"
Change component parameters (AddParameter): Name = "Drain-Source On-Volt"; Value = "30V"; VariantName = "[No Variations]"
Change component parameters (AddParameter): Name = "Frequency (Max)"; Value = "NotRequiredMHz"; VariantName = "[No Variations]"
Change component parameters (AddParameter): Name = "Gate-Source Voltage (Max)"; Value = "?12V"; VariantName = "[No Variations]"
Change component parameters (AddParameter): Name = "Manufacturer"; Value = "Alpha and Omega"; VariantName = "[No Variations]"
Change component parameters (AddParameter): Name = "Manufacturer URL"; Value = "http://www.aosmd.com/"; VariantName = "[No Variations]"
Change component parameters (AddParameter): Name = "Mounting"; Value = "SurfaceMount"; VariantName = "[No Variations]"
Change component parameters (AddParameter): Name = "Mounting Technology"; Value = "SurfaceMount"; VariantName = "[No Variations]"
Change component parameters (AddParameter): Name = "Noise Figure"; Value = "NotRequireddB"; VariantName = "[No Variations]"
Change component parameters (AddParameter): Name = "Number of  Elements"; Value = "1"; VariantName = "[No Variations]"
Change component parameters (AddParameter): Name = "Operating Temp Range"; Value = "-55Cto150C"; VariantName = "[No Variations]"
Change component parameters (AddParameter): Name = "Operating Temperature Classification"; Value = "Military"; VariantName = "[No Variations]"
Change component parameters (AddParameter): Name = "Output Power (Max)"; Value = "NotRequiredW"; VariantName = "[No Variations]"
Change component parameters (AddParameter): Name = "Package Description"; Value = "3-Pin Small Outline Transistor, Body 2.95 x 1.6 mm, Pitch 0.95 mm"; VariantName = "[No Variations]"
Change component parameters (AddParameter): Name = "Package Reference"; Value = "SOT-23-3L"; VariantName = "[No Variations]"
Change component parameters (AddParameter): Name = "Package Type"; Value = "SOT-23"; VariantName = "[No Variations]"
Change component parameters (AddParameter): Name = "Package URL"; Value = "http://www.aosmd.com/res/packaging_information/SOT-23-3L.pdf"; VariantName = "[No Variations]"
Change component parameters (AddParameter): Name = "Pin Count"; Value = "3"; VariantName = "[No Variations]"
Change component parameters (AddParameter): Name = "Polarity"; Value = "P"; VariantName = "[No Variations]"
Change component parameters (AddParameter): Name = "Power Dissipation"; Value = "1.4W"; VariantName = "[No Variations]"
Change component parameters (AddParameter): Name = "Power Gain"; Value = "NotRequireddB"; VariantName = "[No Variations]"
Change component parameters (AddParameter): Name = "Rad Hardened"; Value = "No"; VariantName = "[No Variations]"
Change component parameters (AddParameter): Name = "Type"; Value = "PowerMOSFET"; VariantName = "[No Variations]"
Added Component: Designator=Q7(FS8205)
Add component (AddParameter): Name = "Availability"; Value = "In Stock"; VariantName = "[No Variations]"
Add component (AddParameter): Name = "Check_prices"; Value = "https://www.snapeda.com/parts/FS8205/Fortune%20Semiconductor/view-part/3216395/?ref=eda"; VariantName = "[No Variations]"
Add component (AddParameter): Name = "MF"; Value = "Fortune Semiconductor"; VariantName = "[No Variations]"
Add component (AddParameter): Name = "MP"; Value = "FS8205"; VariantName = "[No Variations]"
Add component (AddParameter): Name = "Package"; Value = "Package"; VariantName = "[No Variations]"
Add component (AddParameter): Name = "Price"; Value = "None"; VariantName = "[No Variations]"
Add component (AddParameter): Name = "SnapEDA_Link"; Value = "https://www.snapeda.com/parts/FS8205/Fortune%20Semiconductor/view-part/3216395/?ref=snap"; VariantName = "[No Variations]"
Add component (AddParameter): Name = "Value"; Value = ""; VariantName = "[No Variations]"
Added Component: Designator=R?(RESC2013X60X35ML10T20)
Add component (AddParameter): Name = "Case Code (Imperial)"; Value = "0805"; VariantName = "[No Variations]"
Add component (AddParameter): Name = "Case Code (Metric)"; Value = "2012"; VariantName = "[No Variations]"
Add component (AddParameter): Name = "Case/Package"; Value = "0805"; VariantName = "[No Variations]"
Add component (AddParameter): Name = "Composition"; Value = "ThickFilm"; VariantName = "[No Variations]"
Add component (AddParameter): Name = "Datasheet URL"; Value = "http://www.yageo.com/NewPortal/yageodocoutput?fileName=/pdf/R-Chip/PYu-RC_Group_51_RoHS_L_5.pdf"; VariantName = "[No Variations]"
Add component (AddParameter): Name = "Datasheet Version"; Value = "Rev. 5, 10/2016"; VariantName = "[No Variations]"
Add component (AddParameter): Name = "Depth"; Value = "1.25mm"; VariantName = "[No Variations]"
Add component (AddParameter): Name = "Height"; Value = "0.024inch"; VariantName = "[No Variations]"
Add component (AddParameter): Name = "Lead Free"; Value = "LeadFree"; VariantName = "[No Variations]"
Add component (AddParameter): Name = "Lead Pitch"; Value = "0.4mm"; VariantName = "[No Variations]"
Add component (AddParameter): Name = "Length"; Value = "2mm"; VariantName = "[No Variations]"
Add component (AddParameter): Name = "Manufacturer"; Value = "Yageo"; VariantName = "[No Variations]"
Add component (AddParameter): Name = "Manufacturer URL"; Value = "http://www.yageo.com/"; VariantName = "[No Variations]"
Add component (AddParameter): Name = "Max Operating Temperature"; Value = "155degC"; VariantName = "[No Variations]"
Add component (AddParameter): Name = "Max Power Dissipation"; Value = "125mW"; VariantName = "[No Variations]"
Add component (AddParameter): Name = "Military Standard"; Value = "Not"; VariantName = "[No Variations]"
Add component (AddParameter): Name = "Min Operating Temperature"; Value = "-55degC"; VariantName = "[No Variations]"
Add component (AddParameter): Name = "Number of Pins"; Value = "2"; VariantName = "[No Variations]"
Add component (AddParameter): Name = "Number of Terminations"; Value = "2"; VariantName = "[No Variations]"
Add component (AddParameter): Name = "Package Description"; Value = "2-Pin Surface Mounted Device, Body 2 x 1.25 mm"; VariantName = "[No Variations]"
Add component (AddParameter): Name = "Package Quantity"; Value = "1"; VariantName = "[No Variations]"
Add component (AddParameter): Name = "Package Reference"; Value = "0805"; VariantName = "[No Variations]"
Add component (AddParameter): Name = "Packaging"; Value = "TapeandReel"; VariantName = "[No Variations]"
Add component (AddParameter): Name = "Power Rating"; Value = "125mW"; VariantName = "[No Variations]"
Add component (AddParameter): Name = "REACH SVHC"; Value = "Unknown"; VariantName = "[No Variations]"
Add component (AddParameter): Name = "Resistance"; Value = "100KOhm"; VariantName = "[No Variations]"
Add component (AddParameter): Name = "RoHSCompliant"; Value = "true"; VariantName = "[No Variations]"
Add component (AddParameter): Name = "Temperature Coefficient"; Value = "100ppm/degreesC"; VariantName = "[No Variations]"
Add component (AddParameter): Name = "Termination"; Value = "SMD/SMT"; VariantName = "[No Variations]"
Add component (AddParameter): Name = "Tolerance"; Value = "1%"; VariantName = "[No Variations]"
Add component (AddParameter): Name = "Voltage Rating"; Value = "150V"; VariantName = "[No Variations]"
Add component (AddParameter): Name = "Voltage Rating (DC)"; Value = "150V"; VariantName = "[No Variations]"
Add component (AddParameter): Name = "Width"; Value = "0.049inch"; VariantName = "[No Variations]"
Added Pin To Net: NetName=+5_USB_IN Pin=Q4-1
Added Pin To Net: NetName=BAT_PACK_12V6 Pin=Q4-2
Added Pin To Net: NetName=GND Pin=R?-1
Added Pin To Net: NetName=+5_USB_IN Pin=R?-2
Added Pin To Net: NetName=NetBAT3_1 Pin=BAT3-1
Added Pin To Net: NetName=NetBAT3_1 Pin=Q4-3
Added Pin To Net: NetName=NetBAT3_1 Pin=U7-5
Added Pin To Net: NetName=NetBAT3_1 Pin=U15-5
Added Net: Name=NetBAT3_1
Added Pin To Net: NetName=NetQ3_5 Pin=Q3-D12
Added Pin To Net: NetName=NetQ3_5 Pin=Q3-D12
Added Net: Name=NetQ3_5
Added Pin To Net: NetName=NetQ5_5 Pin=Q5-D12
Added Pin To Net: NetName=NetQ5_5 Pin=Q5-D12
Added Net: Name=NetQ5_5
Added Pin To Net: NetName=NetQ7_5 Pin=Q7-D12
Added Pin To Net: NetName=NetQ7_5 Pin=Q7-D12
Added Net: Name=NetQ7_5
Added Class: Name=POWER_REG
Added Member To Class: ClassName=CHARGING Member=Component C? 100nF 16V 0805
Added Member To Class: ClassName=CHARGING Member=Component Q7 FS8205
Added Member To Class: ClassName=CHARGING Member=Component R? 100K 5% 0805
