Added Component: Designator=U14(MCP23017)
Add component (AddParameter): Name = "Code_JEDEC"; Value = "MO-220"; VariantName = "[No Variations]"
Add component (AddParameter): Name = "ComponentLink1Description"; Value = "Manufacturer URL"; VariantName = "[No Variations]"
Add component (AddParameter): Name = "ComponentLink1URL"; Value = "http://www.microchip.com/"; VariantName = "[No Variations]"
Add component (AddParameter): Name = "ComponentLink2Description"; Value = "Datasheet"; VariantName = "[No Variations]"
Add component (AddParameter): Name = "ComponentLink2URL"; Value = "http://ww1.microchip.com/downloads/en/DeviceDoc/21952b.pdf"; VariantName = "[No Variations]"
Add component (AddParameter): Name = "ComponentLink3Description"; Value = "Package Specification"; VariantName = "[No Variations]"
Add component (AddParameter): Name = "ComponentLink3URL"; Value = "http://www.microchip.com/stellent/groups/techpub_sg/documents/packagingspec/en012702.pdf"; VariantName = "[No Variations]"
Add component (AddParameter): Name = "DatasheetVersion"; Value = "revB, Feb-2007"; VariantName = "[No Variations]"
Add component (AddParameter): Name = "PackageDescription"; Value = "28-Lead Plastic Quad Flat, No Lead Package (ML) - 6x6 mm Body [QFN] with 0.55 mm Contact Length"; VariantName = "[No Variations]"
Add component (AddParameter): Name = "PackageReference"; Value = "QFN-ML28"; VariantName = "[No Variations]"
Add component (AddParameter): Name = "PackageVersion"; Value = "revBB, Aug-2009"; VariantName = "[No Variations]"
Add component (AddParameter): Name = "RevisionNote"; Value = "URLs added."; VariantName = "[No Variations]"
Added Pin To Net: NetName=BAT_PACK_CONN_8V4 Pin=U14-1
Added Pin To Net: NetName=BAT_PACK_CONN_12V6 Pin=U14-2
Added Pin To Net: NetName=+5V Pin=U14-5
Added Pin To Net: NetName=GND Pin=U14-6
Added Pin To Net: NetName=ESP32-I2C-SCL Pin=U14-8
Added Pin To Net: NetName=ESP32-I2C-SDA Pin=U14-9
Added Pin To Net: NetName=ADDR0 Pin=U14-11
Added Pin To Net: NetName=ADDR1 Pin=U14-12
Added Pin To Net: NetName=ADDR2 Pin=U14-13
Added Pin To Net: NetName=+5V Pin=U14-14
Added Pin To Net: NetName=BAT1_CHRG* Pin=U14-17
Added Pin To Net: NetName=BAT2_CHRG* Pin=U14-18
Added Pin To Net: NetName=BAT3_CHRG* Pin=U14-19
Added Pin To Net: NetName=BAT1_STDBY* Pin=U14-20
Added Pin To Net: NetName=BAT2_STDBY* Pin=U14-21
Added Pin To Net: NetName=BAT3_STDBY* Pin=U14-22
Added Pin To Net: NetName=USB_PWR_DET Pin=U14-23
Added Pin To Net: NetName=CHRG_EN_GND Pin=U14-25
Added Pin To Net: NetName=CHRG_START Pin=U14-26
Added Pin To Net: NetName=CHRG_START Pin=U14-27
Added Pin To Net: NetName=CHRG_START Pin=U14-28
Added Pin To Net: NetName=GND Pin=U14-29
Added Member To Class: ClassName=GPIO_EXT Member=Component U14 MCP23017-E/ML
